<?xml version="1.0" encoding="UTF-8"?>
<coverage generated="1549975740308" clover="3.2.0">
  <project timestamp="1549975740308" name="All files">
    <metrics statements="38" coveredstatements="37" conditionals="6" coveredconditionals="4" methods="10" coveredmethods="10" elements="54" coveredelements="51" complexity="0" loc="38" ncloc="38" packages="1" files="4" classes="4"/>
    <file name="account.js" path="/Users/georgeslevaillant/Documents/Makers/Javascript projects/banking_tech_test/scripts/account.js">
      <metrics statements="14" coveredstatements="14" conditionals="0" coveredconditionals="0" methods="4" coveredmethods="4"/>
      <line num="1" count="1" type="stmt"/>
      <line num="2" count="1" type="stmt"/>
      <line num="3" count="1" type="stmt"/>
      <line num="7" count="1" type="stmt"/>
      <line num="8" count="1" type="stmt"/>
      <line num="12" count="5" type="stmt"/>
      <line num="13" count="5" type="stmt"/>
      <line num="14" count="5" type="stmt"/>
      <line num="18" count="2" type="stmt"/>
      <line num="19" count="2" type="stmt"/>
      <line num="20" count="2" type="stmt"/>
      <line num="25" count="1" type="stmt"/>
      <line num="26" count="1" type="stmt"/>
      <line num="32" count="1" type="stmt"/>
    </file>
    <file name="statement.js" path="/Users/georgeslevaillant/Documents/Makers/Javascript projects/banking_tech_test/scripts/statement.js">
      <metrics statements="8" coveredstatements="8" conditionals="2" coveredconditionals="2" methods="3" coveredmethods="3"/>
      <line num="3" count="3" type="stmt"/>
      <line num="7" count="3" type="stmt"/>
      <line num="8" count="3" type="stmt"/>
      <line num="9" count="3" type="cond" truecount="2" falsecount="0"/>
      <line num="10" count="2" type="stmt"/>
      <line num="12" count="1" type="stmt"/>
      <line num="16" count="3" type="stmt"/>
      <line num="22" count="2" type="stmt"/>
    </file>
    <file name="transaction.js" path="/Users/georgeslevaillant/Documents/Makers/Javascript projects/banking_tech_test/scripts/transaction.js">
      <metrics statements="5" coveredstatements="5" conditionals="0" coveredconditionals="0" methods="1" coveredmethods="1"/>
      <line num="3" count="7" type="stmt"/>
      <line num="4" count="7" type="stmt"/>
      <line num="5" count="7" type="stmt"/>
      <line num="6" count="7" type="stmt"/>
      <line num="10" count="1" type="stmt"/>
    </file>
    <file name="transactionDate.js" path="/Users/georgeslevaillant/Documents/Makers/Javascript projects/banking_tech_test/scripts/transactionDate.js">
      <metrics statements="11" coveredstatements="10" conditionals="4" coveredconditionals="2" methods="2" coveredmethods="2"/>
      <line num="3" count="8" type="stmt"/>
      <line num="7" count="8" type="stmt"/>
      <line num="8" count="8" type="stmt"/>
      <line num="9" count="8" type="stmt"/>
      <line num="10" count="8" type="stmt"/>
      <line num="11" count="8" type="cond" truecount="1" falsecount="1"/>
      <line num="12" count="0" type="stmt"/>
      <line num="14" count="8" type="cond" truecount="1" falsecount="1"/>
      <line num="15" count="8" type="stmt"/>
      <line num="17" count="8" type="stmt"/>
      <line num="22" count="2" type="stmt"/>
    </file>
  </project>
</coverage>
