{"/Users/georgeslevaillant/Documents/Makers/Javascript projects/banking_tech_test/scripts/account.js": {"path":"/Users/georgeslevaillant/Documents/Makers/Javascript projects/banking_tech_test/scripts/account.js","statementMap":{"0":{"start":{"line":1,"column":20},"end":{"line":1,"column":47}},"1":{"start":{"line":2,"column":18},"end":{"line":2,"column":43}},"2":{"start":{"line":3,"column":24},"end":{"line":3,"column":64}},"3":{"start":{"line":7,"column":2},"end":{"line":7,"column":19}},"4":{"start":{"line":8,"column":2},"end":{"line":8,"column":16}},"5":{"start":{"line":12,"column":2},"end":{"line":12,"column":25}},"6":{"start":{"line":13,"column":15},"end":{"line":13,"column":60}},"7":{"start":{"line":14,"column":2},"end":{"line":14,"column":71}},"8":{"start":{"line":18,"column":2},"end":{"line":18,"column":25}},"9":{"start":{"line":19,"column":15},"end":{"line":19,"column":60}},"10":{"start":{"line":20,"column":2},"end":{"line":20,"column":69}},"11":{"start":{"line":26,"column":18},"end":{"line":26,"column":41}},"12":{"start":{"line":27,"column":2},"end":{"line":27,"column":37}},"13":{"start":{"line":33,"column":0},"end":{"line":33,"column":25}}},"fnMap":{"0":{"name":"(anonymous_0)","decl":{"start":{"line":6,"column":1},"end":{"line":6,"column":2}},"loc":{"start":{"line":6,"column":16},"end":{"line":9,"column":2}},"line":6},"1":{"name":"(anonymous_1)","decl":{"start":{"line":11,"column":1},"end":{"line":11,"column":2}},"loc":{"start":{"line":11,"column":17},"end":{"line":15,"column":2}},"line":11},"2":{"name":"(anonymous_2)","decl":{"start":{"line":17,"column":1},"end":{"line":17,"column":2}},"loc":{"start":{"line":17,"column":17},"end":{"line":22,"column":2}},"line":17},"3":{"name":"(anonymous_3)","decl":{"start":{"line":25,"column":1},"end":{"line":25,"column":2}},"loc":{"start":{"line":25,"column":16},"end":{"line":28,"column":2}},"line":25}},"branchMap":{},"s":{"0":1,"1":1,"2":1,"3":1,"4":1,"5":5,"6":5,"7":5,"8":2,"9":2,"10":2,"11":1,"12":1,"13":1},"f":{"0":1,"1":5,"2":2,"3":1},"b":{},"_coverageSchema":"43e27e138ebf9cfc5966b082cf9a028302ed4184","hash":"69db4dd54a7b208b35ddff58267a1d5ce599c703"}
,"/Users/georgeslevaillant/Documents/Makers/Javascript projects/banking_tech_test/scripts/statement.js": {"path":"/Users/georgeslevaillant/Documents/Makers/Javascript projects/banking_tech_test/scripts/statement.js","statementMap":{"0":{"start":{"line":3,"column":2},"end":{"line":3,"column":26}},"1":{"start":{"line":7,"column":18},"end":{"line":7,"column":49}},"2":{"start":{"line":8,"column":2},"end":{"line":15,"column":4}},"3":{"start":{"line":9,"column":3},"end":{"line":13,"column":4}},"4":{"start":{"line":10,"column":4},"end":{"line":10,"column":112}},"5":{"start":{"line":12,"column":4},"end":{"line":12,"column":112}},"6":{"start":{"line":16,"column":2},"end":{"line":16,"column":19}},"7":{"start":{"line":22,"column":0},"end":{"line":22,"column":27}}},"fnMap":{"0":{"name":"(anonymous_0)","decl":{"start":{"line":2,"column":1},"end":{"line":2,"column":2}},"loc":{"start":{"line":2,"column":19},"end":{"line":4,"column":2}},"line":2},"1":{"name":"(anonymous_1)","decl":{"start":{"line":6,"column":1},"end":{"line":6,"column":2}},"loc":{"start":{"line":6,"column":19},"end":{"line":17,"column":2}},"line":6},"2":{"name":"(anonymous_2)","decl":{"start":{"line":8,"column":28},"end":{"line":8,"column":29}},"loc":{"start":{"line":8,"column":49},"end":{"line":14,"column":3}},"line":8}},"branchMap":{"0":{"loc":{"start":{"line":9,"column":3},"end":{"line":13,"column":4}},"type":"if","locations":[{"start":{"line":9,"column":3},"end":{"line":13,"column":4}},{"start":{"line":9,"column":3},"end":{"line":13,"column":4}}],"line":9}},"s":{"0":3,"1":3,"2":3,"3":3,"4":2,"5":1,"6":3,"7":2},"f":{"0":3,"1":3,"2":3},"b":{"0":[2,1]},"_coverageSchema":"43e27e138ebf9cfc5966b082cf9a028302ed4184","hash":"15e7a9423e634abe2ac47a89a1c02f9395144920"}
,"/Users/georgeslevaillant/Documents/Makers/Javascript projects/banking_tech_test/scripts/transaction.js": {"path":"/Users/georgeslevaillant/Documents/Makers/Javascript projects/banking_tech_test/scripts/transaction.js","statementMap":{"0":{"start":{"line":3,"column":2},"end":{"line":3,"column":19}},"1":{"start":{"line":4,"column":2},"end":{"line":4,"column":30}},"2":{"start":{"line":5,"column":2},"end":{"line":5,"column":23}},"3":{"start":{"line":6,"column":2},"end":{"line":6,"column":35}},"4":{"start":{"line":10,"column":0},"end":{"line":10,"column":29}}},"fnMap":{"0":{"name":"(anonymous_0)","decl":{"start":{"line":2,"column":1},"end":{"line":2,"column":2}},"loc":{"start":{"line":2,"column":48},"end":{"line":7,"column":2}},"line":2}},"branchMap":{},"s":{"0":7,"1":7,"2":7,"3":7,"4":1},"f":{"0":7},"b":{},"_coverageSchema":"43e27e138ebf9cfc5966b082cf9a028302ed4184","hash":"78edf8b2a95ffaf26cfb4afb6b66bccfae5a92b2"}
,"/Users/georgeslevaillant/Documents/Makers/Javascript projects/banking_tech_test/scripts/transactionDate.js": {"path":"/Users/georgeslevaillant/Documents/Makers/Javascript projects/banking_tech_test/scripts/transactionDate.js","statementMap":{"0":{"start":{"line":3,"column":2},"end":{"line":3,"column":24}},"1":{"start":{"line":8,"column":13},"end":{"line":8,"column":23}},"2":{"start":{"line":9,"column":12},"end":{"line":9,"column":26}},"3":{"start":{"line":10,"column":14},"end":{"line":10,"column":33}},"4":{"start":{"line":11,"column":13},"end":{"line":11,"column":31}},"5":{"start":{"line":12,"column":2},"end":{"line":12,"column":29}},"6":{"start":{"line":13,"column":2},"end":{"line":13,"column":35}},"7":{"start":{"line":14,"column":2},"end":{"line":14,"column":35}},"8":{"start":{"line":18,"column":2},"end":{"line":18,"column":47}},"9":{"start":{"line":19,"column":2},"end":{"line":19,"column":13}},"10":{"start":{"line":23,"column":2},"end":{"line":23,"column":57}},"11":{"start":{"line":24,"column":2},"end":{"line":24,"column":15}},"12":{"start":{"line":28,"column":0},"end":{"line":28,"column":33}}},"fnMap":{"0":{"name":"(anonymous_0)","decl":{"start":{"line":2,"column":1},"end":{"line":2,"column":2}},"loc":{"start":{"line":2,"column":14},"end":{"line":4,"column":2}},"line":2},"1":{"name":"(anonymous_1)","decl":{"start":{"line":7,"column":1},"end":{"line":7,"column":2}},"loc":{"start":{"line":7,"column":24},"end":{"line":15,"column":2}},"line":7},"2":{"name":"(anonymous_2)","decl":{"start":{"line":17,"column":1},"end":{"line":17,"column":2}},"loc":{"start":{"line":17,"column":16},"end":{"line":20,"column":2}},"line":17},"3":{"name":"(anonymous_3)","decl":{"start":{"line":22,"column":1},"end":{"line":22,"column":2}},"loc":{"start":{"line":22,"column":21},"end":{"line":25,"column":3}},"line":22}},"branchMap":{"0":{"loc":{"start":{"line":18,"column":8},"end":{"line":18,"column":46}},"type":"cond-expr","locations":[{"start":{"line":18,"column":21},"end":{"line":18,"column":38}},{"start":{"line":18,"column":42},"end":{"line":18,"column":45}}],"line":18},"1":{"loc":{"start":{"line":23,"column":10},"end":{"line":23,"column":56}},"type":"cond-expr","locations":[{"start":{"line":23,"column":25},"end":{"line":23,"column":46}},{"start":{"line":23,"column":50},"end":{"line":23,"column":55}}],"line":23}},"s":{"0":8,"1":8,"2":8,"3":8,"4":8,"5":8,"6":8,"7":8,"8":8,"9":8,"10":8,"11":8,"12":2},"f":{"0":8,"1":8,"2":8,"3":8},"b":{"0":[0,8],"1":[8,0]},"_coverageSchema":"43e27e138ebf9cfc5966b082cf9a028302ed4184","hash":"6364788cc821bd69e5a47f04b1884df6cf3be741"}
}
