TN:
SF:/Users/georgeslevaillant/Documents/Makers/Javascript projects/banking_tech_test/scripts/account.js
FN:6,(anonymous_0)
FN:11,(anonymous_1)
FN:17,(anonymous_2)
FN:25,(anonymous_3)
FNF:4
FNH:4
FNDA:1,(anonymous_0)
FNDA:5,(anonymous_1)
FNDA:2,(anonymous_2)
FNDA:1,(anonymous_3)
DA:1,1
DA:2,1
DA:3,1
DA:7,1
DA:8,1
DA:12,5
DA:13,5
DA:14,5
DA:18,2
DA:19,2
DA:20,2
DA:26,1
DA:27,1
DA:33,1
LF:14
LH:14
BRF:0
BRH:0
end_of_record
TN:
SF:/Users/georgeslevaillant/Documents/Makers/Javascript projects/banking_tech_test/scripts/statement.js
FN:2,(anonymous_0)
FN:6,(anonymous_1)
FN:8,(anonymous_2)
FNF:3
FNH:3
FNDA:3,(anonymous_0)
FNDA:3,(anonymous_1)
FNDA:3,(anonymous_2)
DA:3,3
DA:7,3
DA:8,3
DA:9,3
DA:10,2
DA:12,1
DA:16,3
DA:22,2
LF:8
LH:8
BRDA:9,0,0,2
BRDA:9,0,1,1
BRF:2
BRH:2
end_of_record
TN:
SF:/Users/georgeslevaillant/Documents/Makers/Javascript projects/banking_tech_test/scripts/transaction.js
FN:2,(anonymous_0)
FNF:1
FNH:1
FNDA:7,(anonymous_0)
DA:3,7
DA:4,7
DA:5,7
DA:6,7
DA:10,1
LF:5
LH:5
BRF:0
BRH:0
end_of_record
TN:
SF:/Users/georgeslevaillant/Documents/Makers/Javascript projects/banking_tech_test/scripts/transactionDate.js
FN:2,(anonymous_0)
FN:7,(anonymous_1)
FN:17,(anonymous_2)
FN:22,(anonymous_3)
FNF:4
FNH:4
FNDA:8,(anonymous_0)
FNDA:8,(anonymous_1)
FNDA:8,(anonymous_2)
FNDA:8,(anonymous_3)
DA:3,8
DA:8,8
DA:9,8
DA:10,8
DA:11,8
DA:12,8
DA:13,8
DA:14,8
DA:18,8
DA:19,8
DA:23,8
DA:24,8
DA:28,2
LF:13
LH:13
BRDA:18,0,0,0
BRDA:18,0,1,8
BRDA:23,1,0,8
BRDA:23,1,1,0
BRF:4
BRH:2
end_of_record
