TN:
SF:/Users/georgeslevaillant/Documents/Makers/Javascript projects/banking_tech_test/scripts/account.js
FN:5,(anonymous_0)
FN:10,(anonymous_1)
FN:16,(anonymous_2)
FN:23,(anonymous_3)
FN:28,(anonymous_4)
FNF:5
FNH:5
FNDA:1,(anonymous_0)
FNDA:5,(anonymous_1)
FNDA:2,(anonymous_2)
FNDA:1,(anonymous_3)
FNDA:7,(anonymous_4)
DA:1,1
DA:2,1
DA:6,1
DA:7,1
DA:11,5
DA:12,5
DA:13,5
DA:17,2
DA:18,2
DA:19,2
DA:24,1
DA:25,1
DA:29,7
DA:30,7
DA:31,7
DA:32,7
DA:33,7
DA:34,0
DA:36,7
DA:37,7
DA:39,7
DA:45,1
LF:22
LH:21
BRDA:33,0,0,0
BRDA:33,0,1,7
BRDA:36,1,0,7
BRDA:36,1,1,0
BRF:4
BRH:2
end_of_record
TN:
SF:/Users/georgeslevaillant/Documents/Makers/Javascript projects/banking_tech_test/scripts/statement.js
FN:2,(anonymous_0)
FN:6,(anonymous_1)
FN:8,(anonymous_2)
FNF:3
FNH:3
FNDA:3,(anonymous_0)
FNDA:3,(anonymous_1)
FNDA:3,(anonymous_2)
DA:3,3
DA:7,3
DA:8,3
DA:9,3
DA:10,2
DA:12,1
DA:16,3
DA:22,2
LF:8
LH:8
BRDA:9,0,0,2
BRDA:9,0,1,1
BRF:2
BRH:2
end_of_record
TN:
SF:/Users/georgeslevaillant/Documents/Makers/Javascript projects/banking_tech_test/scripts/transaction.js
FN:2,(anonymous_0)
FNF:1
FNH:1
FNDA:7,(anonymous_0)
DA:3,7
DA:4,7
DA:5,7
DA:6,7
DA:10,1
LF:5
LH:5
BRF:0
BRH:0
end_of_record
